# JRE version: OpenJDK Runtime Environment (15.0.1+9) (build 15.0.1+9-18)
# Java VM: OpenJDK 64-Bit Server VM (15.0.1+9-18, mixed mode, sharing, tiered, compressed oops, g1 gc, windows-amd64)
GC Precious Log:
 CPUs: 12 total, 12 available
 Memory: 16229M
 Large Page Support: Disabled
 NUMA Support: Disabled
 Compressed Oops: Enabled (32-bit)
 Heap Region Size: 1M
 Heap Min Capacity: 8M
 Heap Initial Capacity: 254M
 Heap Max Capacity: 512M
 Pre-touch: Disabled
 Parallel Workers: 10
 Concurrent Workers: 3
 Concurrent Refinement Workers: 10
 Periodic GC: Disabled
Heap:
 garbage-first heap   total 63488K, used 33293K [0x00000000e0000000, 0x0000000100000000)
  region size 1024K, 3 young (3072K), 2 survivors (2048K)
 Metaspace       used 30458K, capacity 30832K, committed 30976K, reserved 1077248K
  class space    used 3942K, capacity 4063K, committed 4096K, reserved 1048576K
GC Heap History (20 events):
Event: 1.894 GC heap before
{Heap before GC invocations=2 (full 0):
 garbage-first heap   total 260096K, used 164579K [0x00000000e0000000, 0x0000000100000000)
  region size 1024K, 152 young (155648K), 2 survivors (2048K)
 Metaspace       used 15173K, capacity 15475K, committed 15744K, reserved 1062912K
  class space    used 1736K, capacity 1822K, committed 1920K, reserved 1048576K
}
Event: 1.896 GC heap after
{Heap after GC invocations=3 (full 0):
 garbage-first heap   total 260096K, used 13728K [0x00000000e0000000, 0x0000000100000000)
  region size 1024K, 5 young (5120K), 5 survivors (5120K)
 Metaspace       used 15173K, capacity 15475K, committed 15744K, reserved 1062912K
  class space    used 1736K, capacity 1822K, committed 1920K, reserved 1048576K
}
Event: 2.539 GC heap before
{Heap before GC invocations=3 (full 0):
 garbage-first heap   total 260096K, used 100768K [0x00000000e0000000, 0x0000000100000000)
  region size 1024K, 90 young (92160K), 5 survivors (5120K)
 Metaspace       used 20832K, capacity 21153K, committed 21248K, reserved 1067008K
  class space    used 2596K, capacity 2731K, committed 2816K, reserved 1048576K
}
Event: 2.542 GC heap after
{Heap after GC invocations=4 (full 0):
 garbage-first heap   total 260096K, used 16097K [0x00000000e0000000, 0x0000000100000000)
  region size 1024K, 6 young (6144K), 6 survivors (6144K)
 Metaspace       used 20832K, capacity 21153K, committed 21248K, reserved 1067008K
  class space    used 2596K, capacity 2731K, committed 2816K, reserved 1048576K
}
Event: 3.213 GC heap before
{Heap before GC invocations=5 (full 0):
 garbage-first heap   total 58368K, used 55009K [0x00000000e0000000, 0x0000000100000000)
  region size 1024K, 34 young (34816K), 6 survivors (6144K)
 Metaspace       used 22553K, capacity 22908K, committed 23168K, reserved 1069056K
  class space    used 2797K, capacity 2931K, committed 2944K, reserved 1048576K
}
Event: 3.218 GC heap after
{Heap after GC invocations=6 (full 0):
 garbage-first heap   total 63488K, used 27878K [0x00000000e0000000, 0x0000000100000000)
  region size 1024K, 4 young (4096K), 4 survivors (4096K)
 Metaspace       used 22553K, capacity 22908K, committed 23168K, reserved 1069056K
  class space    used 2797K, capacity 2931K, committed 2944K, reserved 1048576K
}
Event: 3.368 GC heap before
{Heap before GC invocations=6 (full 0):
 garbage-first heap   total 63488K, used 48358K [0x00000000e0000000, 0x0000000100000000)
  region size 1024K, 24 young (24576K), 4 survivors (4096K)
 Metaspace       used 24191K, capacity 24599K, committed 24704K, reserved 1071104K
  class space    used 3082K, capacity 3193K, committed 3200K, reserved 1048576K
}
Event: 3.370 GC heap after
{Heap after GC invocations=7 (full 0):
 garbage-first heap   total 63488K, used 26183K [0x00000000e0000000, 0x0000000100000000)
  region size 1024K, 2 young (2048K), 2 survivors (2048K)
 Metaspace       used 24191K, capacity 24599K, committed 24704K, reserved 1071104K
  class space    used 3082K, capacity 3193K, committed 3200K, reserved 1048576K
}
Event: 3.567 GC heap before
{Heap before GC invocations=7 (full 0):
 garbage-first heap   total 63488K, used 49735K [0x00000000e0000000, 0x0000000100000000)
  region size 1024K, 25 young (25600K), 2 survivors (2048K)
 Metaspace       used 25802K, capacity 26141K, committed 26240K, reserved 1073152K
  class space    used 3351K, capacity 3450K, committed 3456K, reserved 1048576K
}
Event: 3.569 GC heap after
{Heap after GC invocations=8 (full 0):
 garbage-first heap   total 63488K, used 26494K [0x00000000e0000000, 0x0000000100000000)
  region size 1024K, 3 young (3072K), 3 survivors (3072K)
 Metaspace       used 25802K, capacity 26141K, committed 26240K, reserved 1073152K
  class space    used 3351K, capacity 3450K, committed 3456K, reserved 1048576K
}
Event: 3.803 GC heap before
{Heap before GC invocations=8 (full 0):
 garbage-first heap   total 63488K, used 49022K [0x00000000e0000000, 0x0000000100000000)
  region size 1024K, 26 young (26624K), 3 survivors (3072K)
 Metaspace       used 27509K, capacity 27912K, committed 28032K, reserved 1073152K
  class space    used 3552K, capacity 3690K, committed 3712K, reserved 1048576K
}
Event: 3.805 GC heap after
{Heap after GC invocations=9 (full 0):
 garbage-first heap   total 63488K, used 26795K [0x00000000e0000000, 0x0000000100000000)
  region size 1024K, 2 young (2048K), 2 survivors (2048K)
 Metaspace       used 27509K, capacity 27912K, committed 28032K, reserved 1073152K
  class space    used 3552K, capacity 3690K, committed 3712K, reserved 1048576K
}
Event: 6.520 GC heap before
{Heap before GC invocations=9 (full 0):
 garbage-first heap   total 63488K, used 41131K [0x00000000e0000000, 0x0000000100000000)
  region size 1024K, 16 young (16384K), 2 survivors (2048K)
 Metaspace       used 28152K, capacity 28530K, committed 28672K, reserved 1075200K
  class space    used 3623K, capacity 3766K, committed 3840K, reserved 1048576K
}
Event: 6.522 GC heap after
{Heap after GC invocations=10 (full 0):
 garbage-first heap   total 63488K, used 28484K [0x00000000e0000000, 0x0000000100000000)
  region size 1024K, 2 young (2048K), 2 survivors (2048K)
 Metaspace       used 28152K, capacity 28530K, committed 28672K, reserved 1075200K
  class space    used 3623K, capacity 3766K, committed 3840K, reserved 1048576K
}
Event: 6.966 GC heap before
{Heap before GC invocations=11 (full 0):
 garbage-first heap   total 63488K, used 51012K [0x00000000e0000000, 0x0000000100000000)
  region size 1024K, 24 young (24576K), 2 survivors (2048K)
 Metaspace       used 29368K, capacity 29732K, committed 29824K, reserved 1075200K
  class space    used 3797K, capacity 3931K, committed 3968K, reserved 1048576K
}
Event: 6.969 GC heap after
{Heap after GC invocations=12 (full 0):
 garbage-first heap   total 63488K, used 29210K [0x00000000e0000000, 0x0000000100000000)
  region size 1024K, 3 young (3072K), 3 survivors (3072K)
 Metaspace       used 29368K, capacity 29732K, committed 29824K, reserved 1075200K
  class space    used 3797K, capacity 3931K, committed 3968K, reserved 1048576K
}
Event: 7.100 GC heap before
{Heap before GC invocations=12 (full 0):
 garbage-first heap   total 63488K, used 40474K [0x00000000e0000000, 0x0000000100000000)
  region size 1024K, 15 young (15360K), 3 survivors (3072K)
 Metaspace       used 30328K, capacity 30768K, committed 30976K, reserved 1077248K
  class space    used 3927K, capacity 4063K, committed 4096K, reserved 1048576K
}
Event: 7.102 GC heap after
{Heap after GC invocations=13 (full 0):
 garbage-first heap   total 63488K, used 28962K [0x00000000e0000000, 0x0000000100000000)
  region size 1024K, 3 young (3072K), 3 survivors (3072K)
 Metaspace       used 30328K, capacity 30768K, committed 30976K, reserved 1077248K
  class space    used 3927K, capacity 4063K, committed 4096K, reserved 1048576K
}
Event: 7.129 GC heap before
{Heap before GC invocations=14 (full 0):
 garbage-first heap   total 63488K, used 33058K [0x00000000e0000000, 0x0000000100000000)
  region size 1024K, 6 young (6144K), 3 survivors (3072K)
 Metaspace       used 30446K, capacity 30832K, committed 30976K, reserved 1077248K
  class space    used 3940K, capacity 4063K, committed 4096K, reserved 1048576K
}
Event: 7.130 GC heap after
{Heap after GC invocations=15 (full 0):
 garbage-first heap   total 63488K, used 31245K [0x00000000e0000000, 0x0000000100000000)
  region size 1024K, 2 young (2048K), 2 survivors (2048K)
 Metaspace       used 30446K, capacity 30832K, committed 30976K, reserved 1077248K
  class space    used 3940K, capacity 4063K, committed 4096K, reserved 1048576K
}

