# JRE version: OpenJDK Runtime Environment (15.0.1+9) (build 15.0.1+9-18)
# Java VM: OpenJDK 64-Bit Server VM (15.0.1+9-18, mixed mode, sharing, tiered, compressed oops, g1 gc, windows-amd64)
GC Precious Log:
 CPUs: 12 total, 12 available
 Memory: 16229M
 Large Page Support: Disabled
 NUMA Support: Disabled
 Compressed Oops: Enabled (32-bit)
 Heap Region Size: 1M
 Heap Min Capacity: 8M
 Heap Initial Capacity: 254M
 Heap Max Capacity: 512M
 Pre-touch: Disabled
 Parallel Workers: 10
 Concurrent Workers: 3
 Concurrent Refinement Workers: 10
 Periodic GC: Disabled
Heap:
 garbage-first heap   total 68608K, used 33218K [0x00000000e0000000, 0x0000000100000000)
  region size 1024K, 4 young (4096K), 3 survivors (3072K)
 Metaspace       used 30453K, capacity 30832K, committed 30976K, reserved 1077248K
  class space    used 3942K, capacity 4063K, committed 4096K, reserved 1048576K
GC Heap History (20 events):
Event: 0.617 GC heap before
{Heap before GC invocations=0 (full 0):
 garbage-first heap   total 260096K, used 22528K [0x00000000e0000000, 0x0000000100000000)
  region size 1024K, 23 young (23552K), 0 survivors (0K)
 Metaspace       used 3387K, capacity 6140K, committed 6272K, reserved 1056768K
  class space    used 338K, capacity 596K, committed 640K, reserved 1048576K
}
Event: 0.620 GC heap after
{Heap after GC invocations=1 (full 0):
 garbage-first heap   total 260096K, used 5682K [0x00000000e0000000, 0x0000000100000000)
  region size 1024K, 3 young (3072K), 3 survivors (3072K)
 Metaspace       used 3387K, capacity 6140K, committed 6272K, reserved 1056768K
  class space    used 338K, capacity 596K, committed 640K, reserved 1048576K
}
Event: 0.977 GC heap before
{Heap before GC invocations=1 (full 0):
 garbage-first heap   total 260096K, used 35378K [0x00000000e0000000, 0x0000000100000000)
  region size 1024K, 32 young (32768K), 3 survivors (3072K)
 Metaspace       used 6903K, capacity 7754K, committed 8064K, reserved 1056768K
  class space    used 765K, capacity 808K, committed 896K, reserved 1048576K
}
Event: 0.980 GC heap after
{Heap after GC invocations=2 (full 0):
 garbage-first heap   total 260096K, used 6882K [0x00000000e0000000, 0x0000000100000000)
  region size 1024K, 2 young (2048K), 2 survivors (2048K)
 Metaspace       used 6903K, capacity 7754K, committed 8064K, reserved 1056768K
  class space    used 765K, capacity 808K, committed 896K, reserved 1048576K
}
Event: 2.237 GC heap before
{Heap before GC invocations=2 (full 0):
 garbage-first heap   total 260096K, used 164578K [0x00000000e0000000, 0x0000000100000000)
  region size 1024K, 152 young (155648K), 2 survivors (2048K)
 Metaspace       used 15165K, capacity 15475K, committed 15744K, reserved 1062912K
  class space    used 1736K, capacity 1822K, committed 1920K, reserved 1048576K
}
Event: 2.241 GC heap after
{Heap after GC invocations=3 (full 0):
 garbage-first heap   total 260096K, used 13757K [0x00000000e0000000, 0x0000000100000000)
  region size 1024K, 5 young (5120K), 5 survivors (5120K)
 Metaspace       used 15165K, capacity 15475K, committed 15744K, reserved 1062912K
  class space    used 1736K, capacity 1822K, committed 1920K, reserved 1048576K
}
Event: 2.908 GC heap before
{Heap before GC invocations=3 (full 0):
 garbage-first heap   total 260096K, used 100797K [0x00000000e0000000, 0x0000000100000000)
  region size 1024K, 90 young (92160K), 5 survivors (5120K)
 Metaspace       used 20835K, capacity 21153K, committed 21248K, reserved 1067008K
  class space    used 2596K, capacity 2731K, committed 2816K, reserved 1048576K
}
Event: 2.912 GC heap after
{Heap after GC invocations=4 (full 0):
 garbage-first heap   total 260096K, used 16399K [0x00000000e0000000, 0x0000000100000000)
  region size 1024K, 6 young (6144K), 6 survivors (6144K)
 Metaspace       used 20835K, capacity 21153K, committed 21248K, reserved 1067008K
  class space    used 2596K, capacity 2731K, committed 2816K, reserved 1048576K
}
Event: 3.669 GC heap before
{Heap before GC invocations=5 (full 0):
 garbage-first heap   total 65536K, used 59407K [0x00000000e0000000, 0x0000000100000000)
  region size 1024K, 38 young (38912K), 6 survivors (6144K)
 Metaspace       used 22825K, capacity 23195K, committed 23552K, reserved 1069056K
  class space    used 2842K, capacity 2963K, committed 3072K, reserved 1048576K
}
Event: 3.673 GC heap after
{Heap after GC invocations=6 (full 0):
 garbage-first heap   total 68608K, used 28020K [0x00000000e0000000, 0x0000000100000000)
  region size 1024K, 4 young (4096K), 4 survivors (4096K)
 Metaspace       used 22825K, capacity 23195K, committed 23552K, reserved 1069056K
  class space    used 2842K, capacity 2963K, committed 3072K, reserved 1048576K
}
Event: 3.873 GC heap before
{Heap before GC invocations=6 (full 0):
 garbage-first heap   total 68608K, used 51572K [0x00000000e0000000, 0x0000000100000000)
  region size 1024K, 27 young (27648K), 4 survivors (4096K)
 Metaspace       used 24585K, capacity 24982K, committed 25088K, reserved 1071104K
  class space    used 3155K, capacity 3257K, committed 3328K, reserved 1048576K
}
Event: 3.876 GC heap after
{Heap after GC invocations=7 (full 0):
 garbage-first heap   total 68608K, used 26459K [0x00000000e0000000, 0x0000000100000000)
  region size 1024K, 3 young (3072K), 3 survivors (3072K)
 Metaspace       used 24585K, capacity 24982K, committed 25088K, reserved 1071104K
  class space    used 3155K, capacity 3257K, committed 3328K, reserved 1048576K
}
Event: 4.080 GC heap before
{Heap before GC invocations=7 (full 0):
 garbage-first heap   total 68608K, used 52059K [0x00000000e0000000, 0x0000000100000000)
  region size 1024K, 28 young (28672K), 3 survivors (3072K)
 Metaspace       used 26293K, capacity 26621K, committed 26880K, reserved 1073152K
  class space    used 3417K, capacity 3521K, committed 3584K, reserved 1048576K
}
Event: 4.082 GC heap after
{Heap after GC invocations=8 (full 0):
 garbage-first heap   total 68608K, used 26666K [0x00000000e0000000, 0x0000000100000000)
  region size 1024K, 3 young (3072K), 3 survivors (3072K)
 Metaspace       used 26293K, capacity 26621K, committed 26880K, reserved 1073152K
  class space    used 3417K, capacity 3521K, committed 3584K, reserved 1048576K
}
Event: 7.001 GC heap before
{Heap before GC invocations=8 (full 0):
 garbage-first heap   total 68608K, used 55338K [0x00000000e0000000, 0x0000000100000000)
  region size 1024K, 30 young (30720K), 3 survivors (3072K)
 Metaspace       used 27992K, capacity 28401K, committed 28672K, reserved 1075200K
  class space    used 3623K, capacity 3766K, committed 3840K, reserved 1048576K
}
Event: 7.008 GC heap after
{Heap after GC invocations=9 (full 0):
 garbage-first heap   total 68608K, used 28554K [0x00000000e0000000, 0x0000000100000000)
  region size 1024K, 2 young (2048K), 2 survivors (2048K)
 Metaspace       used 27992K, capacity 28401K, committed 28672K, reserved 1075200K
  class space    used 3623K, capacity 3766K, committed 3840K, reserved 1048576K
}
Event: 7.513 GC heap before
{Heap before GC invocations=9 (full 0):
 garbage-first heap   total 68608K, used 54154K [0x00000000e0000000, 0x0000000100000000)
  region size 1024K, 27 young (27648K), 2 survivors (2048K)
 Metaspace       used 29584K, capacity 29988K, committed 30208K, reserved 1075200K
  class space    used 3843K, capacity 3995K, committed 4096K, reserved 1048576K
}
Event: 7.517 GC heap after
{Heap after GC invocations=10 (full 0):
 garbage-first heap   total 68608K, used 29545K [0x00000000e0000000, 0x0000000100000000)
  region size 1024K, 3 young (3072K), 3 survivors (3072K)
 Metaspace       used 29584K, capacity 29988K, committed 30208K, reserved 1075200K
  class space    used 3843K, capacity 3995K, committed 4096K, reserved 1048576K
}
Event: 7.652 GC heap before
{Heap before GC invocations=10 (full 0):
 garbage-first heap   total 68608K, used 42857K [0x00000000e0000000, 0x0000000100000000)
  region size 1024K, 15 young (15360K), 3 survivors (3072K)
 Metaspace       used 30443K, capacity 30832K, committed 30976K, reserved 1077248K
  class space    used 3940K, capacity 4063K, committed 4096K, reserved 1048576K
}
Event: 7.655 GC heap after
{Heap after GC invocations=11 (full 0):
 garbage-first heap   total 68608K, used 31170K [0x00000000e0000000, 0x0000000100000000)
  region size 1024K, 3 young (3072K), 3 survivors (3072K)
 Metaspace       used 30443K, capacity 30832K, committed 30976K, reserved 1077248K
  class space    used 3940K, capacity 4063K, committed 4096K, reserved 1048576K
}

