# JRE version: OpenJDK Runtime Environment (15.0.1+9) (build 15.0.1+9-18)
# Java VM: OpenJDK 64-Bit Server VM (15.0.1+9-18, mixed mode, sharing, tiered, compressed oops, g1 gc, windows-amd64)
GC Precious Log:
 CPUs: 12 total, 12 available
 Memory: 16229M
 Large Page Support: Disabled
 NUMA Support: Disabled
 Compressed Oops: Enabled (32-bit)
 Heap Region Size: 1M
 Heap Min Capacity: 8M
 Heap Initial Capacity: 254M
 Heap Max Capacity: 512M
 Pre-touch: Disabled
 Parallel Workers: 10
 Concurrent Workers: 3
 Concurrent Refinement Workers: 10
 Periodic GC: Disabled
Heap:
 garbage-first heap   total 65536K, used 33313K [0x00000000e0000000, 0x0000000100000000)
  region size 1024K, 3 young (3072K), 2 survivors (2048K)
 Metaspace       used 30465K, capacity 30896K, committed 30976K, reserved 1077248K
  class space    used 3942K, capacity 4063K, committed 4096K, reserved 1048576K
GC Heap History (20 events):
Event: 0.722 GC heap before
{Heap before GC invocations=1 (full 0):
 garbage-first heap   total 260096K, used 34915K [0x00000000e0000000, 0x0000000100000000)
  region size 1024K, 32 young (32768K), 3 survivors (3072K)
 Metaspace       used 6902K, capacity 7754K, committed 8064K, reserved 1056768K
  class space    used 765K, capacity 808K, committed 896K, reserved 1048576K
}
Event: 0.725 GC heap after
{Heap after GC invocations=2 (full 0):
 garbage-first heap   total 260096K, used 6859K [0x00000000e0000000, 0x0000000100000000)
  region size 1024K, 2 young (2048K), 2 survivors (2048K)
 Metaspace       used 6902K, capacity 7754K, committed 8064K, reserved 1056768K
  class space    used 765K, capacity 808K, committed 896K, reserved 1048576K
}
Event: 1.886 GC heap before
{Heap before GC invocations=2 (full 0):
 garbage-first heap   total 260096K, used 164555K [0x00000000e0000000, 0x0000000100000000)
  region size 1024K, 152 young (155648K), 2 survivors (2048K)
 Metaspace       used 15178K, capacity 15475K, committed 15744K, reserved 1062912K
  class space    used 1736K, capacity 1822K, committed 1920K, reserved 1048576K
}
Event: 1.889 GC heap after
{Heap after GC invocations=3 (full 0):
 garbage-first heap   total 260096K, used 13782K [0x00000000e0000000, 0x0000000100000000)
  region size 1024K, 5 young (5120K), 5 survivors (5120K)
 Metaspace       used 15178K, capacity 15475K, committed 15744K, reserved 1062912K
  class space    used 1736K, capacity 1822K, committed 1920K, reserved 1048576K
}
Event: 2.526 GC heap before
{Heap before GC invocations=3 (full 0):
 garbage-first heap   total 260096K, used 100822K [0x00000000e0000000, 0x0000000100000000)
  region size 1024K, 90 young (92160K), 5 survivors (5120K)
 Metaspace       used 20827K, capacity 21153K, committed 21248K, reserved 1067008K
  class space    used 2592K, capacity 2731K, committed 2816K, reserved 1048576K
}
Event: 2.529 GC heap after
{Heap after GC invocations=4 (full 0):
 garbage-first heap   total 260096K, used 16195K [0x00000000e0000000, 0x0000000100000000)
  region size 1024K, 6 young (6144K), 6 survivors (6144K)
 Metaspace       used 20827K, capacity 21153K, committed 21248K, reserved 1067008K
  class space    used 2592K, capacity 2731K, committed 2816K, reserved 1048576K
}
Event: 3.270 GC heap before
{Heap before GC invocations=5 (full 0):
 garbage-first heap   total 61440K, used 57155K [0x00000000e0000000, 0x0000000100000000)
  region size 1024K, 36 young (36864K), 6 survivors (6144K)
 Metaspace       used 22751K, capacity 23100K, committed 23168K, reserved 1069056K
  class space    used 2817K, capacity 2931K, committed 2944K, reserved 1048576K
}
Event: 3.276 GC heap after
{Heap after GC invocations=6 (full 0):
 garbage-first heap   total 65536K, used 27879K [0x00000000e0000000, 0x0000000100000000)
  region size 1024K, 4 young (4096K), 4 survivors (4096K)
 Metaspace       used 22751K, capacity 23100K, committed 23168K, reserved 1069056K
  class space    used 2817K, capacity 2931K, committed 2944K, reserved 1048576K
}
Event: 3.474 GC heap before
{Heap before GC invocations=6 (full 0):
 garbage-first heap   total 65536K, used 50407K [0x00000000e0000000, 0x0000000100000000)
  region size 1024K, 26 young (26624K), 4 survivors (4096K)
 Metaspace       used 24554K, capacity 24919K, committed 25088K, reserved 1071104K
  class space    used 3137K, capacity 3257K, committed 3328K, reserved 1048576K
}
Event: 3.476 GC heap after
{Heap after GC invocations=7 (full 0):
 garbage-first heap   total 65536K, used 26306K [0x00000000e0000000, 0x0000000100000000)
  region size 1024K, 3 young (3072K), 3 survivors (3072K)
 Metaspace       used 24554K, capacity 24919K, committed 25088K, reserved 1071104K
  class space    used 3137K, capacity 3257K, committed 3328K, reserved 1048576K
}
Event: 3.657 GC heap before
{Heap before GC invocations=7 (full 0):
 garbage-first heap   total 65536K, used 50882K [0x00000000e0000000, 0x0000000100000000)
  region size 1024K, 27 young (27648K), 3 survivors (3072K)
 Metaspace       used 26159K, capacity 26526K, committed 26624K, reserved 1073152K
  class space    used 3392K, capacity 3489K, committed 3584K, reserved 1048576K
}
Event: 3.659 GC heap after
{Heap after GC invocations=8 (full 0):
 garbage-first heap   total 65536K, used 26529K [0x00000000e0000000, 0x0000000100000000)
  region size 1024K, 3 young (3072K), 3 survivors (3072K)
 Metaspace       used 26159K, capacity 26526K, committed 26624K, reserved 1073152K
  class space    used 3392K, capacity 3489K, committed 3584K, reserved 1048576K
}
Event: 5.549 GC heap before
{Heap before GC invocations=8 (full 0):
 garbage-first heap   total 65536K, used 52129K [0x00000000e0000000, 0x0000000100000000)
  region size 1024K, 28 young (28672K), 3 survivors (3072K)
 Metaspace       used 27832K, capacity 28203K, committed 28416K, reserved 1073152K
  class space    used 3602K, capacity 3723K, committed 3840K, reserved 1048576K
}
Event: 5.556 GC heap after
{Heap after GC invocations=9 (full 0):
 garbage-first heap   total 65536K, used 27074K [0x00000000e0000000, 0x0000000100000000)
  region size 1024K, 2 young (2048K), 2 survivors (2048K)
 Metaspace       used 27832K, capacity 28203K, committed 28416K, reserved 1073152K
  class space    used 3602K, capacity 3723K, committed 3840K, reserved 1048576K
}
Event: 6.979 GC heap before
{Heap before GC invocations=9 (full 0):
 garbage-first heap   total 65536K, used 53698K [0x00000000e0000000, 0x0000000100000000)
  region size 1024K, 26 young (26624K), 2 survivors (2048K)
 Metaspace       used 29177K, capacity 29572K, committed 29824K, reserved 1075200K
  class space    used 3767K, capacity 3899K, committed 3968K, reserved 1048576K
}
Event: 6.982 GC heap after
{Heap after GC invocations=10 (full 0):
 garbage-first heap   total 65536K, used 29857K [0x00000000e0000000, 0x0000000100000000)
  region size 1024K, 3 young (3072K), 3 survivors (3072K)
 Metaspace       used 29177K, capacity 29572K, committed 29824K, reserved 1075200K
  class space    used 3767K, capacity 3899K, committed 3968K, reserved 1048576K
}
Event: 7.152 GC heap before
{Heap before GC invocations=10 (full 0):
 garbage-first heap   total 65536K, used 44193K [0x00000000e0000000, 0x0000000100000000)
  region size 1024K, 19 young (19456K), 3 survivors (3072K)
 Metaspace       used 30375K, capacity 30768K, committed 30976K, reserved 1077248K
  class space    used 3927K, capacity 4063K, committed 4096K, reserved 1048576K
}
Event: 7.154 GC heap after
{Heap after GC invocations=11 (full 0):
 garbage-first heap   total 65536K, used 29161K [0x00000000e0000000, 0x0000000100000000)
  region size 1024K, 4 young (4096K), 4 survivors (4096K)
 Metaspace       used 30375K, capacity 30768K, committed 30976K, reserved 1077248K
  class space    used 3927K, capacity 4063K, committed 4096K, reserved 1048576K
}
Event: 7.178 GC heap before
{Heap before GC invocations=12 (full 0):
 garbage-first heap   total 65536K, used 33257K [0x00000000e0000000, 0x0000000100000000)
  region size 1024K, 7 young (7168K), 4 survivors (4096K)
 Metaspace       used 30458K, capacity 30896K, committed 30976K, reserved 1077248K
  class space    used 3940K, capacity 4063K, committed 4096K, reserved 1048576K
}
Event: 7.180 GC heap after
{Heap after GC invocations=13 (full 0):
 garbage-first heap   total 65536K, used 31265K [0x00000000e0000000, 0x0000000100000000)
  region size 1024K, 2 young (2048K), 2 survivors (2048K)
 Metaspace       used 30458K, capacity 30896K, committed 30976K, reserved 1077248K
  class space    used 3940K, capacity 4063K, committed 4096K, reserved 1048576K
}

