# JRE version: OpenJDK Runtime Environment (15.0.1+9) (build 15.0.1+9-18)
# Java VM: OpenJDK 64-Bit Server VM (15.0.1+9-18, mixed mode, sharing, tiered, compressed oops, g1 gc, windows-amd64)
GC Precious Log:
 CPUs: 12 total, 12 available
 Memory: 16229M
 Large Page Support: Disabled
 NUMA Support: Disabled
 Compressed Oops: Enabled (32-bit)
 Heap Region Size: 1M
 Heap Min Capacity: 8M
 Heap Initial Capacity: 254M
 Heap Max Capacity: 512M
 Pre-touch: Disabled
 Parallel Workers: 10
 Concurrent Workers: 3
 Concurrent Refinement Workers: 10
 Periodic GC: Disabled
Heap:
 garbage-first heap   total 68608K, used 33815K [0x00000000e0000000, 0x0000000100000000)
  region size 1024K, 4 young (4096K), 3 survivors (3072K)
 Metaspace       used 30495K, capacity 30896K, committed 30976K, reserved 1077248K
  class space    used 3942K, capacity 4063K, committed 4096K, reserved 1048576K
GC Heap History (20 events):
Event: 0.847 GC heap before
{Heap before GC invocations=0 (full 0):
 garbage-first heap   total 260096K, used 22528K [0x00000000e0000000, 0x0000000100000000)
  region size 1024K, 23 young (23552K), 0 survivors (0K)
 Metaspace       used 3412K, capacity 6140K, committed 6272K, reserved 1056768K
  class space    used 339K, capacity 596K, committed 640K, reserved 1048576K
}
Event: 0.851 GC heap after
{Heap after GC invocations=1 (full 0):
 garbage-first heap   total 260096K, used 5489K [0x00000000e0000000, 0x0000000100000000)
  region size 1024K, 3 young (3072K), 3 survivors (3072K)
 Metaspace       used 3412K, capacity 6140K, committed 6272K, reserved 1056768K
  class space    used 339K, capacity 596K, committed 640K, reserved 1048576K
}
Event: 1.466 GC heap before
{Heap before GC invocations=1 (full 0):
 garbage-first heap   total 260096K, used 35185K [0x00000000e0000000, 0x0000000100000000)
  region size 1024K, 32 young (32768K), 3 survivors (3072K)
 Metaspace       used 6925K, capacity 7754K, committed 8064K, reserved 1056768K
  class space    used 765K, capacity 808K, committed 896K, reserved 1048576K
}
Event: 1.470 GC heap after
{Heap after GC invocations=2 (full 0):
 garbage-first heap   total 260096K, used 7526K [0x00000000e0000000, 0x0000000100000000)
  region size 1024K, 2 young (2048K), 2 survivors (2048K)
 Metaspace       used 6925K, capacity 7754K, committed 8064K, reserved 1056768K
  class space    used 765K, capacity 808K, committed 896K, reserved 1048576K
}
Event: 3.773 GC heap before
{Heap before GC invocations=2 (full 0):
 garbage-first heap   total 260096K, used 161126K [0x00000000e0000000, 0x0000000100000000)
  region size 1024K, 148 young (151552K), 2 survivors (2048K)
 Metaspace       used 15087K, capacity 15411K, committed 15744K, reserved 1062912K
  class space    used 1714K, capacity 1822K, committed 1920K, reserved 1048576K
}
Event: 3.776 GC heap after
{Heap after GC invocations=3 (full 0):
 garbage-first heap   total 260096K, used 14108K [0x00000000e0000000, 0x0000000100000000)
  region size 1024K, 5 young (5120K), 5 survivors (5120K)
 Metaspace       used 15087K, capacity 15411K, committed 15744K, reserved 1062912K
  class space    used 1714K, capacity 1822K, committed 1920K, reserved 1048576K
}
Event: 4.634 GC heap before
{Heap before GC invocations=3 (full 0):
 garbage-first heap   total 260096K, used 104220K [0x00000000e0000000, 0x0000000100000000)
  region size 1024K, 93 young (95232K), 5 survivors (5120K)
 Metaspace       used 20828K, capacity 21153K, committed 21248K, reserved 1067008K
  class space    used 2593K, capacity 2731K, committed 2816K, reserved 1048576K
}
Event: 4.637 GC heap after
{Heap after GC invocations=4 (full 0):
 garbage-first heap   total 260096K, used 16796K [0x00000000e0000000, 0x0000000100000000)
  region size 1024K, 6 young (6144K), 6 survivors (6144K)
 Metaspace       used 20828K, capacity 21153K, committed 21248K, reserved 1067008K
  class space    used 2593K, capacity 2731K, committed 2816K, reserved 1048576K
}
Event: 5.536 GC heap before
{Heap before GC invocations=5 (full 0):
 garbage-first heap   total 65536K, used 59804K [0x00000000e0000000, 0x0000000100000000)
  region size 1024K, 38 young (38912K), 6 survivors (6144K)
 Metaspace       used 22927K, capacity 23260K, committed 23552K, reserved 1069056K
  class space    used 2839K, capacity 2963K, committed 3072K, reserved 1048576K
}
Event: 5.541 GC heap after
{Heap after GC invocations=6 (full 0):
 garbage-first heap   total 68608K, used 28501K [0x00000000e0000000, 0x0000000100000000)
  region size 1024K, 4 young (4096K), 4 survivors (4096K)
 Metaspace       used 22927K, capacity 23260K, committed 23552K, reserved 1069056K
  class space    used 2839K, capacity 2963K, committed 3072K, reserved 1048576K
}
Event: 5.733 GC heap before
{Heap before GC invocations=6 (full 0):
 garbage-first heap   total 68608K, used 52053K [0x00000000e0000000, 0x0000000100000000)
  region size 1024K, 27 young (27648K), 4 survivors (4096K)
 Metaspace       used 24691K, capacity 25047K, committed 25344K, reserved 1071104K
  class space    used 3155K, capacity 3257K, committed 3328K, reserved 1048576K
}
Event: 5.735 GC heap after
{Heap after GC invocations=7 (full 0):
 garbage-first heap   total 68608K, used 27000K [0x00000000e0000000, 0x0000000100000000)
  region size 1024K, 3 young (3072K), 3 survivors (3072K)
 Metaspace       used 24691K, capacity 25047K, committed 25344K, reserved 1071104K
  class space    used 3155K, capacity 3257K, committed 3328K, reserved 1048576K
}
Event: 5.942 GC heap before
{Heap before GC invocations=7 (full 0):
 garbage-first heap   total 68608K, used 53624K [0x00000000e0000000, 0x0000000100000000)
  region size 1024K, 29 young (29696K), 3 survivors (3072K)
 Metaspace       used 26475K, capacity 26846K, committed 26880K, reserved 1073152K
  class space    used 3427K, capacity 3553K, committed 3584K, reserved 1048576K
}
Event: 5.944 GC heap after
{Heap after GC invocations=8 (full 0):
 garbage-first heap   total 68608K, used 27338K [0x00000000e0000000, 0x0000000100000000)
  region size 1024K, 3 young (3072K), 3 survivors (3072K)
 Metaspace       used 26475K, capacity 26846K, committed 26880K, reserved 1073152K
  class space    used 3427K, capacity 3553K, committed 3584K, reserved 1048576K
}
Event: 8.896 GC heap before
{Heap before GC invocations=8 (full 0):
 garbage-first heap   total 68608K, used 57034K [0x00000000e0000000, 0x0000000100000000)
  region size 1024K, 30 young (30720K), 3 survivors (3072K)
 Metaspace       used 28249K, capacity 28606K, committed 28928K, reserved 1075200K
  class space    used 3637K, capacity 3770K, committed 3840K, reserved 1048576K
}
Event: 8.899 GC heap after
{Heap after GC invocations=9 (full 0):
 garbage-first heap   total 68608K, used 30308K [0x00000000e0000000, 0x0000000100000000)
  region size 1024K, 2 young (2048K), 2 survivors (2048K)
 Metaspace       used 28249K, capacity 28606K, committed 28928K, reserved 1075200K
  class space    used 3637K, capacity 3770K, committed 3840K, reserved 1048576K
}
Event: 9.324 GC heap before
{Heap before GC invocations=9 (full 0):
 garbage-first heap   total 68608K, used 54884K [0x00000000e0000000, 0x0000000100000000)
  region size 1024K, 26 young (26624K), 2 survivors (2048K)
 Metaspace       used 29659K, capacity 30116K, committed 30464K, reserved 1075200K
  class space    used 3843K, capacity 3995K, committed 4096K, reserved 1048576K
}
Event: 9.326 GC heap after
{Heap after GC invocations=10 (full 0):
 garbage-first heap   total 68608K, used 30147K [0x00000000e0000000, 0x0000000100000000)
  region size 1024K, 3 young (3072K), 3 survivors (3072K)
 Metaspace       used 29659K, capacity 30116K, committed 30464K, reserved 1075200K
  class space    used 3843K, capacity 3995K, committed 4096K, reserved 1048576K
}
Event: 9.436 GC heap before
{Heap before GC invocations=10 (full 0):
 garbage-first heap   total 68608K, used 42435K [0x00000000e0000000, 0x0000000100000000)
  region size 1024K, 14 young (14336K), 3 survivors (3072K)
 Metaspace       used 30485K, capacity 30896K, committed 30976K, reserved 1077248K
  class space    used 3940K, capacity 4063K, committed 4096K, reserved 1048576K
}
Event: 9.439 GC heap after
{Heap after GC invocations=11 (full 0):
 garbage-first heap   total 68608K, used 31767K [0x00000000e0000000, 0x0000000100000000)
  region size 1024K, 3 young (3072K), 3 survivors (3072K)
 Metaspace       used 30485K, capacity 30896K, committed 30976K, reserved 1077248K
  class space    used 3940K, capacity 4063K, committed 4096K, reserved 1048576K
}

