# JRE version: OpenJDK Runtime Environment (15.0.1+9) (build 15.0.1+9-18)
# Java VM: OpenJDK 64-Bit Server VM (15.0.1+9-18, mixed mode, sharing, tiered, compressed oops, g1 gc, windows-amd64)
GC Precious Log:
 CPUs: 12 total, 12 available
 Memory: 16229M
 Large Page Support: Disabled
 NUMA Support: Disabled
 Compressed Oops: Enabled (32-bit)
 Heap Region Size: 1M
 Heap Min Capacity: 8M
 Heap Initial Capacity: 254M
 Heap Max Capacity: 512M
 Pre-touch: Disabled
 Parallel Workers: 10
 Concurrent Workers: 3
 Concurrent Refinement Workers: 10
 Periodic GC: Disabled
Heap:
 garbage-first heap   total 64512K, used 33464K [0x00000000e0000000, 0x0000000100000000)
  region size 1024K, 3 young (3072K), 2 survivors (2048K)
 Metaspace       used 30533K, capacity 30960K, committed 31232K, reserved 1077248K
  class space    used 3946K, capacity 4063K, committed 4096K, reserved 1048576K
GC Heap History (20 events):
Event: 3.780 GC heap before
{Heap before GC invocations=2 (full 0):
 garbage-first heap   total 260096K, used 164540K [0x00000000e0000000, 0x0000000100000000)
  region size 1024K, 152 young (155648K), 2 survivors (2048K)
 Metaspace       used 15204K, capacity 15539K, committed 15744K, reserved 1062912K
  class space    used 1734K, capacity 1822K, committed 1920K, reserved 1048576K
}
Event: 3.785 GC heap after
{Heap after GC invocations=3 (full 0):
 garbage-first heap   total 260096K, used 13788K [0x00000000e0000000, 0x0000000100000000)
  region size 1024K, 5 young (5120K), 5 survivors (5120K)
 Metaspace       used 15204K, capacity 15539K, committed 15744K, reserved 1062912K
  class space    used 1734K, capacity 1822K, committed 1920K, reserved 1048576K
}
Event: 4.756 GC heap before
{Heap before GC invocations=3 (full 0):
 garbage-first heap   total 260096K, used 97756K [0x00000000e0000000, 0x0000000100000000)
  region size 1024K, 88 young (90112K), 5 survivors (5120K)
 Metaspace       used 20790K, capacity 21121K, committed 21248K, reserved 1067008K
  class space    used 2588K, capacity 2699K, committed 2816K, reserved 1048576K
}
Event: 4.760 GC heap after
{Heap after GC invocations=4 (full 0):
 garbage-first heap   total 260096K, used 15319K [0x00000000e0000000, 0x0000000100000000)
  region size 1024K, 6 young (6144K), 6 survivors (6144K)
 Metaspace       used 20790K, capacity 21121K, committed 21248K, reserved 1067008K
  class space    used 2588K, capacity 2699K, committed 2816K, reserved 1048576K
}
Event: 5.591 GC heap before
{Heap before GC invocations=5 (full 0):
 garbage-first heap   total 58368K, used 55255K [0x00000000e0000000, 0x0000000100000000)
  region size 1024K, 34 young (34816K), 6 survivors (6144K)
 Metaspace       used 22495K, capacity 22811K, committed 22912K, reserved 1069056K
  class space    used 2778K, capacity 2899K, committed 2944K, reserved 1048576K
}
Event: 5.598 GC heap after
{Heap after GC invocations=6 (full 0):
 garbage-first heap   total 64512K, used 27937K [0x00000000e0000000, 0x0000000100000000)
  region size 1024K, 4 young (4096K), 4 survivors (4096K)
 Metaspace       used 22495K, capacity 22811K, committed 22912K, reserved 1069056K
  class space    used 2778K, capacity 2899K, committed 2944K, reserved 1048576K
}
Event: 5.888 GC heap before
{Heap before GC invocations=6 (full 0):
 garbage-first heap   total 64512K, used 47393K [0x00000000e0000000, 0x0000000100000000)
  region size 1024K, 24 young (24576K), 4 survivors (4096K)
 Metaspace       used 24122K, capacity 24438K, committed 24704K, reserved 1071104K
  class space    used 3059K, capacity 3161K, committed 3200K, reserved 1048576K
}
Event: 5.890 GC heap after
{Heap after GC invocations=7 (full 0):
 garbage-first heap   total 64512K, used 26241K [0x00000000e0000000, 0x0000000100000000)
  region size 1024K, 2 young (2048K), 2 survivors (2048K)
 Metaspace       used 24122K, capacity 24438K, committed 24704K, reserved 1071104K
  class space    used 3059K, capacity 3161K, committed 3200K, reserved 1048576K
}
Event: 6.246 GC heap before
{Heap before GC invocations=7 (full 0):
 garbage-first heap   total 64512K, used 48769K [0x00000000e0000000, 0x0000000100000000)
  region size 1024K, 24 young (24576K), 2 survivors (2048K)
 Metaspace       used 25652K, capacity 25980K, committed 26240K, reserved 1073152K
  class space    used 3324K, capacity 3418K, committed 3456K, reserved 1048576K
}
Event: 6.248 GC heap after
{Heap after GC invocations=8 (full 0):
 garbage-first heap   total 64512K, used 26606K [0x00000000e0000000, 0x0000000100000000)
  region size 1024K, 1 young (1024K), 1 survivors (1024K)
 Metaspace       used 25652K, capacity 25980K, committed 26240K, reserved 1073152K
  class space    used 3324K, capacity 3418K, committed 3456K, reserved 1048576K
}
Event: 6.673 GC heap before
{Heap before GC invocations=8 (full 0):
 garbage-first heap   total 64512K, used 50158K [0x00000000e0000000, 0x0000000100000000)
  region size 1024K, 24 young (24576K), 1 survivors (1024K)
 Metaspace       used 27372K, capacity 27739K, committed 28032K, reserved 1073152K
  class space    used 3532K, capacity 3655K, committed 3712K, reserved 1048576K
}
Event: 6.674 GC heap after
{Heap after GC invocations=9 (full 0):
 garbage-first heap   total 64512K, used 26926K [0x00000000e0000000, 0x0000000100000000)
  region size 1024K, 2 young (2048K), 2 survivors (2048K)
 Metaspace       used 27372K, capacity 27739K, committed 28032K, reserved 1073152K
  class space    used 3532K, capacity 3655K, committed 3712K, reserved 1048576K
}
Event: 9.339 GC heap before
{Heap before GC invocations=9 (full 0):
 garbage-first heap   total 64512K, used 43310K [0x00000000e0000000, 0x0000000100000000)
  region size 1024K, 18 young (18432K), 2 survivors (2048K)
 Metaspace       used 28192K, capacity 28593K, committed 28672K, reserved 1075200K
  class space    used 3623K, capacity 3766K, committed 3840K, reserved 1048576K
}
Event: 9.341 GC heap after
{Heap after GC invocations=10 (full 0):
 garbage-first heap   total 64512K, used 28584K [0x00000000e0000000, 0x0000000100000000)
  region size 1024K, 2 young (2048K), 2 survivors (2048K)
 Metaspace       used 28192K, capacity 28593K, committed 28672K, reserved 1075200K
  class space    used 3623K, capacity 3766K, committed 3840K, reserved 1048576K
}
Event: 9.798 GC heap before
{Heap before GC invocations=11 (full 0):
 garbage-first heap   total 64512K, used 51112K [0x00000000e0000000, 0x0000000100000000)
  region size 1024K, 24 young (24576K), 2 survivors (2048K)
 Metaspace       used 29421K, capacity 29796K, committed 30080K, reserved 1075200K
  class space    used 3798K, capacity 3931K, committed 3968K, reserved 1048576K
}
Event: 9.802 GC heap after
{Heap after GC invocations=12 (full 0):
 garbage-first heap   total 64512K, used 29307K [0x00000000e0000000, 0x0000000100000000)
  region size 1024K, 3 young (3072K), 3 survivors (3072K)
 Metaspace       used 29421K, capacity 29796K, committed 30080K, reserved 1075200K
  class space    used 3798K, capacity 3931K, committed 3968K, reserved 1048576K
}
Event: 9.992 GC heap before
{Heap before GC invocations=12 (full 0):
 garbage-first heap   total 64512K, used 40571K [0x00000000e0000000, 0x0000000100000000)
  region size 1024K, 15 young (15360K), 3 survivors (3072K)
 Metaspace       used 30365K, capacity 30768K, committed 30976K, reserved 1077248K
  class space    used 3928K, capacity 4063K, committed 4096K, reserved 1048576K
}
Event: 9.995 GC heap after
{Heap after GC invocations=13 (full 0):
 garbage-first heap   total 64512K, used 29192K [0x00000000e0000000, 0x0000000100000000)
  region size 1024K, 3 young (3072K), 3 survivors (3072K)
 Metaspace       used 30365K, capacity 30768K, committed 30976K, reserved 1077248K
  class space    used 3928K, capacity 4063K, committed 4096K, reserved 1048576K
}
Event: 11.821 GC heap before
{Heap before GC invocations=14 (full 0):
 garbage-first heap   total 64512K, used 33288K [0x00000000e0000000, 0x0000000100000000)
  region size 1024K, 6 young (6144K), 3 survivors (3072K)
 Metaspace       used 30522K, capacity 30896K, committed 30976K, reserved 1077248K
  class space    used 3945K, capacity 4063K, committed 4096K, reserved 1048576K
}
Event: 11.827 GC heap after
{Heap after GC invocations=15 (full 0):
 garbage-first heap   total 64512K, used 31416K [0x00000000e0000000, 0x0000000100000000)
  region size 1024K, 2 young (2048K), 2 survivors (2048K)
 Metaspace       used 30522K, capacity 30896K, committed 30976K, reserved 1077248K
  class space    used 3945K, capacity 4063K, committed 4096K, reserved 1048576K
}

