# JRE version: OpenJDK Runtime Environment (15.0.1+9) (build 15.0.1+9-18)
# Java VM: OpenJDK 64-Bit Server VM (15.0.1+9-18, mixed mode, sharing, tiered, compressed oops, g1 gc, windows-amd64)
GC Precious Log:
 CPUs: 12 total, 12 available
 Memory: 16229M
 Large Page Support: Disabled
 NUMA Support: Disabled
 Compressed Oops: Enabled (32-bit)
 Heap Region Size: 1M
 Heap Min Capacity: 8M
 Heap Initial Capacity: 254M
 Heap Max Capacity: 512M
 Pre-touch: Disabled
 Parallel Workers: 10
 Concurrent Workers: 3
 Concurrent Refinement Workers: 10
 Periodic GC: Disabled
Heap:
 garbage-first heap   total 68608K, used 33210K [0x00000000e0000000, 0x0000000100000000)
  region size 1024K, 4 young (4096K), 3 survivors (3072K)
 Metaspace       used 30469K, capacity 30896K, committed 30976K, reserved 1077248K
  class space    used 3942K, capacity 4063K, committed 4096K, reserved 1048576K
GC Heap History (20 events):
Event: 0.553 GC heap before
{Heap before GC invocations=0 (full 0):
 garbage-first heap   total 260096K, used 22528K [0x00000000e0000000, 0x0000000100000000)
  region size 1024K, 23 young (23552K), 0 survivors (0K)
 Metaspace       used 3406K, capacity 6140K, committed 6272K, reserved 1056768K
  class space    used 339K, capacity 596K, committed 640K, reserved 1048576K
}
Event: 0.556 GC heap after
{Heap after GC invocations=1 (full 0):
 garbage-first heap   total 260096K, used 5311K [0x00000000e0000000, 0x0000000100000000)
  region size 1024K, 3 young (3072K), 3 survivors (3072K)
 Metaspace       used 3406K, capacity 6140K, committed 6272K, reserved 1056768K
  class space    used 339K, capacity 596K, committed 640K, reserved 1048576K
}
Event: 0.912 GC heap before
{Heap before GC invocations=1 (full 0):
 garbage-first heap   total 260096K, used 35007K [0x00000000e0000000, 0x0000000100000000)
  region size 1024K, 32 young (32768K), 3 survivors (3072K)
 Metaspace       used 6918K, capacity 7754K, committed 8064K, reserved 1056768K
  class space    used 765K, capacity 808K, committed 896K, reserved 1048576K
}
Event: 0.914 GC heap after
{Heap after GC invocations=2 (full 0):
 garbage-first heap   total 260096K, used 6931K [0x00000000e0000000, 0x0000000100000000)
  region size 1024K, 2 young (2048K), 2 survivors (2048K)
 Metaspace       used 6918K, capacity 7754K, committed 8064K, reserved 1056768K
  class space    used 765K, capacity 808K, committed 896K, reserved 1048576K
}
Event: 2.082 GC heap before
{Heap before GC invocations=2 (full 0):
 garbage-first heap   total 260096K, used 164627K [0x00000000e0000000, 0x0000000100000000)
  region size 1024K, 152 young (155648K), 2 survivors (2048K)
 Metaspace       used 15168K, capacity 15475K, committed 15744K, reserved 1062912K
  class space    used 1736K, capacity 1822K, committed 1920K, reserved 1048576K
}
Event: 2.085 GC heap after
{Heap after GC invocations=3 (full 0):
 garbage-first heap   total 260096K, used 13802K [0x00000000e0000000, 0x0000000100000000)
  region size 1024K, 5 young (5120K), 5 survivors (5120K)
 Metaspace       used 15168K, capacity 15475K, committed 15744K, reserved 1062912K
  class space    used 1736K, capacity 1822K, committed 1920K, reserved 1048576K
}
Event: 2.732 GC heap before
{Heap before GC invocations=3 (full 0):
 garbage-first heap   total 260096K, used 99818K [0x00000000e0000000, 0x0000000100000000)
  region size 1024K, 89 young (91136K), 5 survivors (5120K)
 Metaspace       used 20823K, capacity 21153K, committed 21248K, reserved 1067008K
  class space    used 2598K, capacity 2731K, committed 2816K, reserved 1048576K
}
Event: 2.736 GC heap after
{Heap after GC invocations=4 (full 0):
 garbage-first heap   total 260096K, used 16170K [0x00000000e0000000, 0x0000000100000000)
  region size 1024K, 6 young (6144K), 6 survivors (6144K)
 Metaspace       used 20823K, capacity 21153K, committed 21248K, reserved 1067008K
  class space    used 2598K, capacity 2731K, committed 2816K, reserved 1048576K
}
Event: 3.489 GC heap before
{Heap before GC invocations=5 (full 0):
 garbage-first heap   total 65536K, used 58154K [0x00000000e0000000, 0x0000000100000000)
  region size 1024K, 38 young (38912K), 6 survivors (6144K)
 Metaspace       used 22873K, capacity 23259K, committed 23552K, reserved 1069056K
  class space    used 2844K, capacity 2963K, committed 3072K, reserved 1048576K
}
Event: 3.493 GC heap after
{Heap after GC invocations=6 (full 0):
 garbage-first heap   total 68608K, used 27935K [0x00000000e0000000, 0x0000000100000000)
  region size 1024K, 4 young (4096K), 4 survivors (4096K)
 Metaspace       used 22873K, capacity 23259K, committed 23552K, reserved 1069056K
  class space    used 2844K, capacity 2963K, committed 3072K, reserved 1048576K
}
Event: 3.684 GC heap before
{Heap before GC invocations=6 (full 0):
 garbage-first heap   total 68608K, used 51487K [0x00000000e0000000, 0x0000000100000000)
  region size 1024K, 27 young (27648K), 4 survivors (4096K)
 Metaspace       used 24635K, capacity 24918K, committed 25088K, reserved 1071104K
  class space    used 3158K, capacity 3257K, committed 3328K, reserved 1048576K
}
Event: 3.687 GC heap after
{Heap after GC invocations=7 (full 0):
 garbage-first heap   total 68608K, used 26471K [0x00000000e0000000, 0x0000000100000000)
  region size 1024K, 3 young (3072K), 3 survivors (3072K)
 Metaspace       used 24635K, capacity 24918K, committed 25088K, reserved 1071104K
  class space    used 3158K, capacity 3257K, committed 3328K, reserved 1048576K
}
Event: 3.920 GC heap before
{Heap before GC invocations=7 (full 0):
 garbage-first heap   total 68608K, used 52071K [0x00000000e0000000, 0x0000000100000000)
  region size 1024K, 28 young (28672K), 3 survivors (3072K)
 Metaspace       used 26340K, capacity 26685K, committed 26880K, reserved 1073152K
  class space    used 3420K, capacity 3521K, committed 3584K, reserved 1048576K
}
Event: 3.922 GC heap after
{Heap after GC invocations=8 (full 0):
 garbage-first heap   total 68608K, used 26656K [0x00000000e0000000, 0x0000000100000000)
  region size 1024K, 3 young (3072K), 3 survivors (3072K)
 Metaspace       used 26340K, capacity 26685K, committed 26880K, reserved 1073152K
  class space    used 3420K, capacity 3521K, committed 3584K, reserved 1048576K
}
Event: 6.580 GC heap before
{Heap before GC invocations=8 (full 0):
 garbage-first heap   total 68608K, used 53280K [0x00000000e0000000, 0x0000000100000000)
  region size 1024K, 29 young (29696K), 3 survivors (3072K)
 Metaspace       used 28001K, capacity 28401K, committed 28672K, reserved 1075200K
  class space    used 3623K, capacity 3766K, committed 3840K, reserved 1048576K
}
Event: 6.583 GC heap after
{Heap after GC invocations=9 (full 0):
 garbage-first heap   total 68608K, used 27426K [0x00000000e0000000, 0x0000000100000000)
  region size 1024K, 2 young (2048K), 2 survivors (2048K)
 Metaspace       used 28001K, capacity 28401K, committed 28672K, reserved 1075200K
  class space    used 3623K, capacity 3766K, committed 3840K, reserved 1048576K
}
Event: 7.401 GC heap before
{Heap before GC invocations=9 (full 0):
 garbage-first heap   total 68608K, used 56098K [0x00000000e0000000, 0x0000000100000000)
  region size 1024K, 28 young (28672K), 2 survivors (2048K)
 Metaspace       used 29651K, capacity 30052K, committed 30208K, reserved 1075200K
  class space    used 3846K, capacity 3995K, committed 4096K, reserved 1048576K
}
Event: 7.404 GC heap after
{Heap after GC invocations=10 (full 0):
 garbage-first heap   total 68608K, used 30657K [0x00000000e0000000, 0x0000000100000000)
  region size 1024K, 3 young (3072K), 3 survivors (3072K)
 Metaspace       used 29651K, capacity 30052K, committed 30208K, reserved 1075200K
  class space    used 3846K, capacity 3995K, committed 4096K, reserved 1048576K
}
Event: 7.514 GC heap before
{Heap before GC invocations=10 (full 0):
 garbage-first heap   total 68608K, used 42945K [0x00000000e0000000, 0x0000000100000000)
  region size 1024K, 14 young (14336K), 3 survivors (3072K)
 Metaspace       used 30458K, capacity 30896K, committed 30976K, reserved 1077248K
  class space    used 3941K, capacity 4063K, committed 4096K, reserved 1048576K
}
Event: 7.516 GC heap after
{Heap after GC invocations=11 (full 0):
 garbage-first heap   total 68608K, used 31162K [0x00000000e0000000, 0x0000000100000000)
  region size 1024K, 3 young (3072K), 3 survivors (3072K)
 Metaspace       used 30458K, capacity 30896K, committed 30976K, reserved 1077248K
  class space    used 3941K, capacity 4063K, committed 4096K, reserved 1048576K
}

