# JRE version: OpenJDK Runtime Environment (15.0.1+9) (build 15.0.1+9-18)
# Java VM: OpenJDK 64-Bit Server VM (15.0.1+9-18, mixed mode, sharing, tiered, compressed oops, g1 gc, windows-amd64)
GC Precious Log:
 CPUs: 12 total, 12 available
 Memory: 16229M
 Large Page Support: Disabled
 NUMA Support: Disabled
 Compressed Oops: Enabled (32-bit)
 Heap Region Size: 1M
 Heap Min Capacity: 8M
 Heap Initial Capacity: 254M
 Heap Max Capacity: 512M
 Pre-touch: Disabled
 Parallel Workers: 10
 Concurrent Workers: 3
 Concurrent Refinement Workers: 10
 Periodic GC: Disabled
Heap:
 garbage-first heap   total 60416K, used 33384K [0x00000000e0000000, 0x0000000100000000)
  region size 1024K, 3 young (3072K), 2 survivors (2048K)
 Metaspace       used 30427K, capacity 30832K, committed 30976K, reserved 1077248K
  class space    used 3944K, capacity 4063K, committed 4096K, reserved 1048576K
GC Heap History (20 events):
Event: 3.337 GC heap before
{Heap before GC invocations=5 (full 0):
 garbage-first heap   total 55296K, used 49550K [0x00000000e0000000, 0x0000000100000000)
  region size 1024K, 40 young (40960K), 6 survivors (6144K)
 Metaspace       used 22631K, capacity 22978K, committed 23040K, reserved 1069056K
  class space    used 2897K, capacity 3030K, committed 3072K, reserved 1048576K
}
Event: 3.341 GC heap after
{Heap after GC invocations=6 (full 0):
 garbage-first heap   total 57344K, used 15295K [0x00000000e0000000, 0x0000000100000000)
  region size 1024K, 3 young (3072K), 3 survivors (3072K)
 Metaspace       used 22631K, capacity 22978K, committed 23040K, reserved 1069056K
  class space    used 2897K, capacity 3030K, committed 3072K, reserved 1048576K
}
Event: 3.494 GC heap before
{Heap before GC invocations=6 (full 0):
 garbage-first heap   total 57344K, used 42943K [0x00000000e0000000, 0x0000000100000000)
  region size 1024K, 30 young (30720K), 3 survivors (3072K)
 Metaspace       used 24423K, capacity 24830K, committed 25088K, reserved 1071104K
  class space    used 3124K, capacity 3262K, committed 3328K, reserved 1048576K
}
Event: 3.496 GC heap after
{Heap after GC invocations=7 (full 0):
 garbage-first heap   total 57344K, used 16005K [0x00000000e0000000, 0x0000000100000000)
  region size 1024K, 2 young (2048K), 2 survivors (2048K)
 Metaspace       used 24423K, capacity 24830K, committed 25088K, reserved 1071104K
  class space    used 3124K, capacity 3262K, committed 3328K, reserved 1048576K
}
Event: 3.682 GC heap before
{Heap before GC invocations=7 (full 0):
 garbage-first heap   total 57344K, used 43653K [0x00000000e0000000, 0x0000000100000000)
  region size 1024K, 29 young (29696K), 2 survivors (2048K)
 Metaspace       used 26473K, capacity 26858K, committed 27008K, reserved 1073152K
  class space    used 3495K, capacity 3617K, committed 3712K, reserved 1048576K
}
Event: 3.684 GC heap after
{Heap after GC invocations=8 (full 0):
 garbage-first heap   total 57344K, used 16505K [0x00000000e0000000, 0x0000000100000000)
  region size 1024K, 2 young (2048K), 2 survivors (2048K)
 Metaspace       used 26473K, capacity 26858K, committed 27008K, reserved 1073152K
  class space    used 3495K, capacity 3617K, committed 3712K, reserved 1048576K
}
Event: 3.994 GC heap before
{Heap before GC invocations=8 (full 0):
 garbage-first heap   total 57344K, used 43129K [0x00000000e0000000, 0x0000000100000000)
  region size 1024K, 20 young (20480K), 2 survivors (2048K)
 Metaspace       used 27679K, capacity 28072K, committed 28416K, reserved 1073152K
  class space    used 3592K, capacity 3722K, committed 3840K, reserved 1048576K
}
Event: 3.996 GC heap after
{Heap after GC invocations=9 (full 0):
 garbage-first heap   total 57344K, used 27929K [0x00000000e0000000, 0x0000000100000000)
  region size 1024K, 3 young (3072K), 3 survivors (3072K)
 Metaspace       used 27679K, capacity 28072K, committed 28416K, reserved 1073152K
  class space    used 3592K, capacity 3722K, committed 3840K, reserved 1048576K
}
Event: 6.033 GC heap before
{Heap before GC invocations=10 (full 0):
 garbage-first heap   total 57344K, used 37145K [0x00000000e0000000, 0x0000000100000000)
  region size 1024K, 12 young (12288K), 3 survivors (3072K)
 Metaspace       used 27982K, capacity 28402K, committed 28672K, reserved 1075200K
  class space    used 3625K, capacity 3766K, committed 3840K, reserved 1048576K
}
Event: 6.036 GC heap after
{Heap after GC invocations=11 (full 0):
 garbage-first heap   total 57344K, used 28543K [0x00000000e0000000, 0x0000000100000000)
  region size 1024K, 2 young (2048K), 2 survivors (2048K)
 Metaspace       used 27982K, capacity 28402K, committed 28672K, reserved 1075200K
  class space    used 3625K, capacity 3766K, committed 3840K, reserved 1048576K
}
Event: 6.294 GC heap before
{Heap before GC invocations=12 (full 0):
 garbage-first heap   total 57344K, used 29567K [0x00000000e0000000, 0x0000000100000000)
  region size 1024K, 3 young (3072K), 2 survivors (2048K)
 Metaspace       used 28052K, capacity 28466K, committed 28672K, reserved 1075200K
  class space    used 3625K, capacity 3766K, committed 3840K, reserved 1048576K
}
Event: 6.296 GC heap after
{Heap after GC invocations=13 (full 0):
 garbage-first heap   total 57344K, used 28624K [0x00000000e0000000, 0x0000000100000000)
  region size 1024K, 1 young (1024K), 1 survivors (1024K)
 Metaspace       used 28052K, capacity 28466K, committed 28672K, reserved 1075200K
  class space    used 3625K, capacity 3766K, committed 3840K, reserved 1048576K
}
Event: 6.635 GC heap before
{Heap before GC invocations=14 (full 0):
 garbage-first heap   total 57344K, used 43984K [0x00000000e0000000, 0x0000000100000000)
  region size 1024K, 15 young (15360K), 1 survivors (1024K)
 Metaspace       used 28697K, capacity 29092K, committed 29312K, reserved 1075200K
  class space    used 3717K, capacity 3867K, committed 3968K, reserved 1048576K
}
Event: 6.638 GC heap after
{Heap after GC invocations=15 (full 0):
 garbage-first heap   total 57344K, used 29374K [0x00000000e0000000, 0x0000000100000000)
  region size 1024K, 2 young (2048K), 2 survivors (2048K)
 Metaspace       used 28697K, capacity 29092K, committed 29312K, reserved 1075200K
  class space    used 3717K, capacity 3867K, committed 3968K, reserved 1048576K
}
Event: 6.783 GC heap before
{Heap before GC invocations=15 (full 0):
 garbage-first heap   total 57344K, used 43710K [0x00000000e0000000, 0x0000000100000000)
  region size 1024K, 16 young (16384K), 2 survivors (2048K)
 Metaspace       used 29722K, capacity 30116K, committed 30464K, reserved 1075200K
  class space    used 3867K, capacity 3995K, committed 4096K, reserved 1048576K
}
Event: 6.785 GC heap after
{Heap after GC invocations=16 (full 0):
 garbage-first heap   total 57344K, used 28739K [0x00000000e0000000, 0x0000000100000000)
  region size 1024K, 2 young (2048K), 2 survivors (2048K)
 Metaspace       used 29722K, capacity 30116K, committed 30464K, reserved 1075200K
  class space    used 3867K, capacity 3995K, committed 4096K, reserved 1048576K
}
Event: 6.874 GC heap before
{Heap before GC invocations=17 (full 0):
 garbage-first heap   total 57344K, used 34883K [0x00000000e0000000, 0x0000000100000000)
  region size 1024K, 9 young (9216K), 2 survivors (2048K)
 Metaspace       used 30289K, capacity 30704K, committed 30976K, reserved 1077248K
  class space    used 3929K, capacity 4063K, committed 4096K, reserved 1048576K
}
Event: 6.876 GC heap after
{Heap after GC invocations=18 (full 0):
 garbage-first heap   total 57344K, used 29145K [0x00000000e0000000, 0x0000000100000000)
  region size 1024K, 2 young (2048K), 2 survivors (2048K)
 Metaspace       used 30289K, capacity 30704K, committed 30976K, reserved 1077248K
  class space    used 3929K, capacity 4063K, committed 4096K, reserved 1048576K
}
Event: 6.905 GC heap before
{Heap before GC invocations=19 (full 0):
 garbage-first heap   total 57344K, used 33241K [0x00000000e0000000, 0x0000000100000000)
  region size 1024K, 5 young (5120K), 2 survivors (2048K)
 Metaspace       used 30416K, capacity 30832K, committed 30976K, reserved 1077248K
  class space    used 3942K, capacity 4063K, committed 4096K, reserved 1048576K
}
Event: 6.906 GC heap after
{Heap after GC invocations=20 (full 0):
 garbage-first heap   total 57344K, used 31336K [0x00000000e0000000, 0x0000000100000000)
  region size 1024K, 2 young (2048K), 2 survivors (2048K)
 Metaspace       used 30416K, capacity 30832K, committed 30976K, reserved 1077248K
  class space    used 3942K, capacity 4063K, committed 4096K, reserved 1048576K
}

