# JRE version: OpenJDK Runtime Environment (15.0.1+9) (build 15.0.1+9-18)
# Java VM: OpenJDK 64-Bit Server VM (15.0.1+9-18, mixed mode, sharing, tiered, compressed oops, g1 gc, windows-amd64)
GC Precious Log:
 CPUs: 12 total, 12 available
 Memory: 16229M
 Large Page Support: Disabled
 NUMA Support: Disabled
 Compressed Oops: Enabled (32-bit)
 Heap Region Size: 1M
 Heap Min Capacity: 8M
 Heap Initial Capacity: 254M
 Heap Max Capacity: 512M
 Pre-touch: Disabled
 Parallel Workers: 10
 Concurrent Workers: 3
 Concurrent Refinement Workers: 10
 Periodic GC: Disabled
Heap:
 garbage-first heap   total 65536K, used 33306K [0x00000000e0000000, 0x0000000100000000)
  region size 1024K, 4 young (4096K), 3 survivors (3072K)
 Metaspace       used 30473K, capacity 30832K, committed 30976K, reserved 1077248K
  class space    used 3942K, capacity 4063K, committed 4096K, reserved 1048576K
GC Heap History (20 events):
Event: 0.750 GC heap before
{Heap before GC invocations=1 (full 0):
 garbage-first heap   total 260096K, used 34101K [0x00000000e0000000, 0x0000000100000000)
  region size 1024K, 32 young (32768K), 3 survivors (3072K)
 Metaspace       used 6898K, capacity 7754K, committed 8064K, reserved 1056768K
  class space    used 765K, capacity 808K, committed 896K, reserved 1048576K
}
Event: 0.753 GC heap after
{Heap after GC invocations=2 (full 0):
 garbage-first heap   total 260096K, used 6767K [0x00000000e0000000, 0x0000000100000000)
  region size 1024K, 2 young (2048K), 2 survivors (2048K)
 Metaspace       used 6898K, capacity 7754K, committed 8064K, reserved 1056768K
  class space    used 765K, capacity 808K, committed 896K, reserved 1048576K
}
Event: 1.924 GC heap before
{Heap before GC invocations=2 (full 0):
 garbage-first heap   total 260096K, used 164463K [0x00000000e0000000, 0x0000000100000000)
  region size 1024K, 152 young (155648K), 2 survivors (2048K)
 Metaspace       used 15159K, capacity 15475K, committed 15744K, reserved 1062912K
  class space    used 1731K, capacity 1822K, committed 1920K, reserved 1048576K
}
Event: 1.928 GC heap after
{Heap after GC invocations=3 (full 0):
 garbage-first heap   total 260096K, used 13701K [0x00000000e0000000, 0x0000000100000000)
  region size 1024K, 5 young (5120K), 5 survivors (5120K)
 Metaspace       used 15159K, capacity 15475K, committed 15744K, reserved 1062912K
  class space    used 1731K, capacity 1822K, committed 1920K, reserved 1048576K
}
Event: 2.503 GC heap before
{Heap before GC invocations=3 (full 0):
 garbage-first heap   total 260096K, used 101765K [0x00000000e0000000, 0x0000000100000000)
  region size 1024K, 91 young (93184K), 5 survivors (5120K)
 Metaspace       used 20837K, capacity 21153K, committed 21248K, reserved 1067008K
  class space    used 2597K, capacity 2731K, committed 2816K, reserved 1048576K
}
Event: 2.507 GC heap after
{Heap after GC invocations=4 (full 0):
 garbage-first heap   total 260096K, used 15990K [0x00000000e0000000, 0x0000000100000000)
  region size 1024K, 6 young (6144K), 6 survivors (6144K)
 Metaspace       used 20837K, capacity 21153K, committed 21248K, reserved 1067008K
  class space    used 2597K, capacity 2731K, committed 2816K, reserved 1048576K
}
Event: 3.258 GC heap before
{Heap before GC invocations=5 (full 0):
 garbage-first heap   total 61440K, used 55926K [0x00000000e0000000, 0x0000000100000000)
  region size 1024K, 36 young (36864K), 6 survivors (6144K)
 Metaspace       used 22707K, capacity 23036K, committed 23168K, reserved 1069056K
  class space    used 2812K, capacity 2931K, committed 2944K, reserved 1048576K
}
Event: 3.263 GC heap after
{Heap after GC invocations=6 (full 0):
 garbage-first heap   total 65536K, used 27957K [0x00000000e0000000, 0x0000000100000000)
  region size 1024K, 4 young (4096K), 4 survivors (4096K)
 Metaspace       used 22707K, capacity 23036K, committed 23168K, reserved 1069056K
  class space    used 2812K, capacity 2931K, committed 2944K, reserved 1048576K
}
Event: 3.443 GC heap before
{Heap before GC invocations=6 (full 0):
 garbage-first heap   total 65536K, used 49461K [0x00000000e0000000, 0x0000000100000000)
  region size 1024K, 26 young (26624K), 4 survivors (4096K)
 Metaspace       used 24498K, capacity 24823K, committed 25088K, reserved 1071104K
  class space    used 3124K, capacity 3225K, committed 3328K, reserved 1048576K
}
Event: 3.445 GC heap after
{Heap after GC invocations=7 (full 0):
 garbage-first heap   total 65536K, used 26245K [0x00000000e0000000, 0x0000000100000000)
  region size 1024K, 2 young (2048K), 2 survivors (2048K)
 Metaspace       used 24498K, capacity 24823K, committed 25088K, reserved 1071104K
  class space    used 3124K, capacity 3225K, committed 3328K, reserved 1048576K
}
Event: 3.648 GC heap before
{Heap before GC invocations=7 (full 0):
 garbage-first heap   total 65536K, used 51845K [0x00000000e0000000, 0x0000000100000000)
  region size 1024K, 27 young (27648K), 2 survivors (2048K)
 Metaspace       used 26150K, capacity 26526K, committed 26624K, reserved 1073152K
  class space    used 3390K, capacity 3489K, committed 3584K, reserved 1048576K
}
Event: 3.651 GC heap after
{Heap after GC invocations=8 (full 0):
 garbage-first heap   total 65536K, used 26735K [0x00000000e0000000, 0x0000000100000000)
  region size 1024K, 3 young (3072K), 3 survivors (3072K)
 Metaspace       used 26150K, capacity 26526K, committed 26624K, reserved 1073152K
  class space    used 3390K, capacity 3489K, committed 3584K, reserved 1048576K
}
Event: 5.487 GC heap before
{Heap before GC invocations=8 (full 0):
 garbage-first heap   total 65536K, used 52335K [0x00000000e0000000, 0x0000000100000000)
  region size 1024K, 28 young (28672K), 3 survivors (3072K)
 Metaspace       used 27873K, capacity 28203K, committed 28416K, reserved 1073152K
  class space    used 3602K, capacity 3723K, committed 3840K, reserved 1048576K
}
Event: 5.493 GC heap after
{Heap after GC invocations=9 (full 0):
 garbage-first heap   total 65536K, used 27167K [0x00000000e0000000, 0x0000000100000000)
  region size 1024K, 2 young (2048K), 2 survivors (2048K)
 Metaspace       used 27873K, capacity 28203K, committed 28416K, reserved 1073152K
  class space    used 3602K, capacity 3723K, committed 3840K, reserved 1048576K
}
Event: 6.970 GC heap before
{Heap before GC invocations=9 (full 0):
 garbage-first heap   total 65536K, used 52767K [0x00000000e0000000, 0x0000000100000000)
  region size 1024K, 26 young (26624K), 2 survivors (2048K)
 Metaspace       used 29239K, capacity 29636K, committed 29824K, reserved 1075200K
  class space    used 3770K, capacity 3899K, committed 3968K, reserved 1048576K
}
Event: 6.973 GC heap after
{Heap after GC invocations=10 (full 0):
 garbage-first heap   total 65536K, used 30082K [0x00000000e0000000, 0x0000000100000000)
  region size 1024K, 3 young (3072K), 3 survivors (3072K)
 Metaspace       used 29239K, capacity 29636K, committed 29824K, reserved 1075200K
  class space    used 3770K, capacity 3899K, committed 3968K, reserved 1048576K
}
Event: 7.125 GC heap before
{Heap before GC invocations=10 (full 0):
 garbage-first heap   total 65536K, used 44418K [0x00000000e0000000, 0x0000000100000000)
  region size 1024K, 18 young (18432K), 3 survivors (3072K)
 Metaspace       used 30375K, capacity 30768K, committed 30976K, reserved 1077248K
  class space    used 3928K, capacity 4063K, committed 4096K, reserved 1048576K
}
Event: 7.128 GC heap after
{Heap after GC invocations=11 (full 0):
 garbage-first heap   total 65536K, used 29085K [0x00000000e0000000, 0x0000000100000000)
  region size 1024K, 3 young (3072K), 3 survivors (3072K)
 Metaspace       used 30375K, capacity 30768K, committed 30976K, reserved 1077248K
  class space    used 3928K, capacity 4063K, committed 4096K, reserved 1048576K
}
Event: 7.152 GC heap before
{Heap before GC invocations=12 (full 0):
 garbage-first heap   total 65536K, used 33181K [0x00000000e0000000, 0x0000000100000000)
  region size 1024K, 6 young (6144K), 3 survivors (3072K)
 Metaspace       used 30467K, capacity 30832K, committed 30976K, reserved 1077248K
  class space    used 3941K, capacity 4063K, committed 4096K, reserved 1048576K
}
Event: 7.155 GC heap after
{Heap after GC invocations=13 (full 0):
 garbage-first heap   total 65536K, used 31258K [0x00000000e0000000, 0x0000000100000000)
  region size 1024K, 3 young (3072K), 3 survivors (3072K)
 Metaspace       used 30467K, capacity 30832K, committed 30976K, reserved 1077248K
  class space    used 3941K, capacity 4063K, committed 4096K, reserved 1048576K
}

